country_code/build/intermediates/manifest_merge_blame_file/release/manifest-merger-blame-release-report.txt
1<?xml version="1.0" encoding="utf-8"?>
2<manifest xmlns:android="http://schemas.android.com/apk/res/android"
3    package="com.hbb20"
4    android:versionCode="1"
5    android:versionName="1.0" >
6
7    <uses-sdk
8        android:minSdkVersion="15"
8-->src\main\AndroidManifest.xml
9        android:targetSdkVersion="25" />
9-->src\main\AndroidManifest.xml
10
11    <application
11-->src\main\AndroidManifest.xml:3:5-6:19
12        android:allowBackup="true"
12-->src\main\AndroidManifest.xml:3:18-44
13        android:label="@string/app_name"
13-->src\main\AndroidManifest.xml:3:45-77
14        android:supportsRtl="true" >
14-->src\main\AndroidManifest.xml:4:9-35
15    </application>
16
17</manifest>